<?xml version="1.0" encoding="UTF-8"?>
<!-- Generated by org.testng.reporters.JUnitReportReporter -->
<testsuite hostname="LAPTOP-LRFE50OT" failures="0" tests="1" name="SumValidation" time="0.897" errors="0" timestamp="2024-09-25T19:03:34 IST" skipped="0">
  <testcase classname="SumValidation" name="sumOfCourses" time="0.897"/>
</testsuite> <!-- SumValidation -->
